Flow report for DE2_70_D5M_XVGA
Mon Oct 16 16:27:33 2017
Quartus II Version 9.0 Build 235 06/17/2009 Service Pack 2 SJ Web Edition


---------------------
; Table of Contents ;
---------------------
  1. Legal Notice
  2. Flow Summary
  3. Flow Settings
  4. Flow Non-Default Global Settings
  5. Flow Elapsed Time
  6. Flow OS Summary
  7. Flow Log



----------------
; Legal Notice ;
----------------
Copyright (C) 1991-2009 Altera Corporation
Your use of Altera Corporation's design tools, logic functions 
and other software and tools, and its AMPP partner logic 
functions, and any output files from any of the foregoing 
(including device programming or simulation files), and any 
associated documentation or information are expressly subject 
to the terms and conditions of the Altera Program License 
Subscription Agreement, Altera MegaCore Function License 
Agreement, or other applicable license agreement, including, 
without limitation, that your use is for the sole purpose of 
programming logic devices manufactured by Altera and sold by 
Altera or its authorized distributors.  Please refer to the 
applicable agreement for further details.



+-----------------------------------------------------------------------------------+
; Flow Summary                                                                      ;
+------------------------------------+----------------------------------------------+
; Flow Status                        ; Flow Failed - Mon Oct 16 16:27:33 2017       ;
; Quartus II Version                 ; 9.0 Build 235 06/17/2009 SP 2 SJ Web Edition ;
; Revision Name                      ; DE2_70_D5M_XVGA                              ;
; Top-level Entity Name              ; DE2_70_D5M_XVGA                              ;
; Family                             ; Cyclone II                                   ;
; Device                             ; EP2C70F896C6                                 ;
; Timing Models                      ; Final                                        ;
; Met timing requirements            ; N/A                                          ;
; Total logic elements               ; N/A until Partition Merge                    ;
;     Total combinational functions  ; N/A until Partition Merge                    ;
;     Dedicated logic registers      ; N/A until Partition Merge                    ;
; Total registers                    ; N/A until Partition Merge                    ;
; Total pins                         ; N/A until Partition Merge                    ;
; Total virtual pins                 ; N/A until Partition Merge                    ;
; Total memory bits                  ; N/A until Partition Merge                    ;
; Embedded Multiplier 9-bit elements ; N/A until Partition Merge                    ;
; Total PLLs                         ; N/A until Partition Merge                    ;
+------------------------------------+----------------------------------------------+


+-----------------------------------------+
; Flow Settings                           ;
+-------------------+---------------------+
; Option            ; Setting             ;
+-------------------+---------------------+
; Start date & time ; 10/16/2017 16:27:32 ;
; Main task         ; Compilation         ;
; Revision Name     ; DE2_70_D5M_XVGA     ;
+-------------------+---------------------+


+--------------------------------------------------------------------------------------------------------------------------------------------------------------------------+
; Flow Non-Default Global Settings                                                                                                                                         ;
+-------------------------------------+-----------------------------------------------------------------------------------------+---------------+-------------+------------+
; Assignment Name                     ; Value                                                                                   ; Default Value ; Entity Name ; Section Id ;
+-------------------------------------+-----------------------------------------------------------------------------------------+---------------+-------------+------------+
; COMPILER_SIGNATURE_ID               ; 167690713898264.150818205207296                                                         ; --            ; --          ; --         ;
; ENABLE_SIGNALTAP                    ; Off                                                                                     ; --            ; --          ; --         ;
; MISC_FILE                           ; C:/Users/LAAI/Downloads/d5m quartus9/DE2_70_CAMERA/HW/DE2_70_CAMERA/DE2_70_D5M_XVGA.dpf ; --            ; --          ; --         ;
; PARTITION_COLOR                     ; 2147039                                                                                 ; --            ; --          ; Top        ;
; PARTITION_FITTER_PRESERVATION_LEVEL ; PLACEMENT_AND_ROUTING                                                                   ; --            ; --          ; Top        ;
; PARTITION_NETLIST_TYPE              ; SOURCE                                                                                  ; --            ; --          ; Top        ;
; POWER_BOARD_THERMAL_MODEL           ; None (CONSERVATIVE)                                                                     ; --            ; --          ; --         ;
; POWER_PRESET_COOLING_SOLUTION       ; 23 MM HEAT SINK WITH 200 LFPM AIRFLOW                                                   ; --            ; --          ; --         ;
; SMART_RECOMPILE                     ; On                                                                                      ; Off           ; --          ; --         ;
; SOPC_BUILDER_SIGNATURE_ID           ; E0cb4ec7f4460000012a5f3db870                                                            ; --            ; --          ; --         ;
; USER_LIBRARIES                      ; ip/terasic_camera                                                                       ; --            ; --          ; --         ;
; USE_SIGNALTAP_FILE                  ; stp1.stp                                                                                ; --            ; --          ; --         ;
+-------------------------------------+-----------------------------------------------------------------------------------------+---------------+-------------+------------+


+--------------------------------------------------------------------------------------------------------------------------+
; Flow Elapsed Time                                                                                                        ;
+----------------------+--------------+-------------------------+---------------------+------------------------------------+
; Module Name          ; Elapsed Time ; Average Processors Used ; Peak Virtual Memory ; Total CPU Time (on all processors) ;
+----------------------+--------------+-------------------------+---------------------+------------------------------------+
; Analysis & Synthesis ; 00:00:01     ; 1.0                     ; 263 MB              ; 00:00:01                           ;
; Total                ; 00:00:01     ; --                      ; --                  ; 00:00:01                           ;
+----------------------+--------------+-------------------------+---------------------+------------------------------------+


+---------------------------------------------------------------------------------------+
; Flow OS Summary                                                                       ;
+----------------------+------------------+---------------+------------+----------------+
; Module Name          ; Machine Hostname ; OS Name       ; OS Version ; Processor type ;
+----------------------+------------------+---------------+------------+----------------+
; Analysis & Synthesis ; LAPTOP-TONMIS3P  ; Windows Vista ; 6.2        ; x86_64         ;
+----------------------+------------------+---------------+------------+----------------+


------------
; Flow Log ;
------------
quartus_map --read_settings_files=on --write_settings_files=off DE2_70_D5M_XVGA -c DE2_70_D5M_XVGA



